<?xml version="1.0" encoding="UTF-8"?>
<!-- Generated by org.testng.reporters.JUnitXMLReporter -->
<testsuite hostname="amanda-Inspiron-3421" ignored="0" name="Página de Login do Mantis" tests="5" failures="0" timestamp="31 mar 2019 21:00:17 GMT" time="15.65" errors="0">
  <testcase name="verificaUsuarioESenhaEmBranco" time="3.708" classname="br.com.base2.automacaoTesteSelenium.tests.LoginTest"/>
  <testcase name="verificarUsuarioInvalido" time="1.384" classname="br.com.base2.automacaoTesteSelenium.tests.LoginTest"/>
  <testcase name="verificarSenhaInvalida" time="1.344" classname="br.com.base2.automacaoTesteSelenium.tests.LoginTest"/>
  <testcase name="efetuarLoginComSucesso" time="1.991" classname="br.com.base2.automacaoTesteSelenium.tests.LoginTest"/>
  <testcase name="efetuarLogout" time="0.788" classname="br.com.base2.automacaoTesteSelenium.tests.LoginTest"/>
</testsuite> <!-- Página de Login do Mantis -->
