<?xml version="1.0" encoding="UTF-8"?>
<!-- Generated by org.testng.reporters.JUnitXMLReporter -->
<testsuite hostname="amanda-Inspiron-3421" ignored="0" name="Página de cadastro de Bugs do Mantis" tests="6" failures="0" timestamp="31 mar 2019 21:00:41 GMT" time="24.297" errors="0">
  <testcase name="selecionarProjeto" time="6.469" classname="br.com.base2.automacaoTesteSelenium.tests.ReportissueTest"/>
  <testcase name="relatarBugCamposVazios" time="1.105" classname="br.com.base2.automacaoTesteSelenium.tests.ReportissueTest"/>
  <testcase name="verificarCampoSumarioNaoPreenchido" time="1.336" classname="br.com.base2.automacaoTesteSelenium.tests.ReportissueTest"/>
  <testcase name="verificarCampoDescricaoNaoPreenchido" time="1.378" classname="br.com.base2.automacaoTesteSelenium.tests.ReportissueTest"/>
  <testcase name="enviarRelatorioDeBug" time="4.806" classname="br.com.base2.automacaoTesteSelenium.tests.ReportissueTest"/>
  <testcase name="uploadArquivo" time="3.622" classname="br.com.base2.automacaoTesteSelenium.tests.ReportissueTest"/>
</testsuite> <!-- Página de cadastro de Bugs do Mantis -->
